#
# There is insufficient memory for the Java Runtime Environment to continue.
# Native memory allocation (mmap) failed to map 98566144 bytes for G1 virtual space
# Possible reasons:
#   The system is out of physical RAM or swap space
#   The process is running with CompressedOops enabled, and the Java Heap may be blocking the growth of the native heap
# Possible solutions:
#   Reduce memory load on the system
#   Increase physical memory or swap space
#   Check if swap backing store is full
#   Decrease Java heap size (-Xmx/-Xms)
#   Decrease number of Java threads
#   Decrease Java thread stack sizes (-Xss)
#   Set larger code cache with -XX:ReservedCodeCacheSize=
#   JVM is running with Unscaled Compressed Oops mode in which the Java heap is
#     placed in the first 4GB address space. The Java Heap base address is the
#     maximum limit for the native heap growth. Please use -XX:HeapBaseMinAddress
#     to set the Java Heap base and to place the Java Heap above 4GB virtual address.
# This output file may be truncated or incomplete.
#
#  Out of Memory Error (os_windows.cpp:3548), pid=15956, tid=25892
#
# JRE version:  (17.0.11+7) (build )
# Java VM: Java HotSpot(TM) 64-Bit Server VM (17.0.11+7-LTS-207, mixed mode, sharing, tiered, compressed oops, compressed class ptrs, g1 gc, windows-amd64)
# No core dump will be written. Minidumps are not enabled by default on client versions of Windows
#

---------------  S U M M A R Y ------------

Command Line: -Dfile.encoding=UTF-8 --module-path=C:\Users\Lenovo\OneDrive\Documents\NetBeansProjects\Bank Management System\build\classes bank.management.system.Login

Host: AMD Ryzen 5 5500U with Radeon Graphics         , 12 cores, 5G,  Windows 11 , 64 bit Build 22000 (10.0.22000.2538)
Time: Thu Oct  3 16:27:26 2024 India Standard Time elapsed time: 0.016746 seconds (0d 0h 0m 0s)

---------------  T H R E A D  ---------------

Current thread (0x0000019c0cbef470):  JavaThread "Unknown thread" [_thread_in_vm, id=25892, stack(0x000000713aa00000,0x000000713ab00000)]

Stack: [0x000000713aa00000,0x000000713ab00000]
Native frames: (J=compiled Java code, j=interpreted, Vv=VM code, C=native code)
V  [jvm.dll+0x679cca]
V  [jvm.dll+0x7da13d]
V  [jvm.dll+0x7dba83]
V  [jvm.dll+0x7dc0f3]
V  [jvm.dll+0x2449af]
V  [jvm.dll+0x676ce9]
V  [jvm.dll+0x66b852]
V  [jvm.dll+0x3018d6]
V  [jvm.dll+0x308e76]
V  [jvm.dll+0x3596ee]
V  [jvm.dll+0x35991f]
V  [jvm.dll+0x2d89a8]
V  [jvm.dll+0x2d9914]
V  [jvm.dll+0x7ac6b1]
V  [jvm.dll+0x366f61]
V  [jvm.dll+0x78b609]
V  [jvm.dll+0x3ec22f]
V  [jvm.dll+0x3ede61]
C  [jli.dll+0x5297]
C  [ucrtbase.dll+0x26c0c]
C  [KERNEL32.DLL+0x153e0]
C  [ntdll.dll+0x485b]


---------------  P R O C E S S  ---------------

Threads class SMR info:
_java_thread_list=0x00007ffef4c27a18, length=0, elements={
}

Java Threads: ( => current thread )

Other Threads:
  0x0000019c0cc3b810 GCTaskThread "GC Thread#0" [stack: 0x000000713ab00000,0x000000713ac00000] [id=24004]
  0x0000019c0cc48220 ConcurrentGCThread "G1 Main Marker" [stack: 0x000000713ac00000,0x000000713ad00000] [id=11692]
  0x0000019c0cc48b30 ConcurrentGCThread "G1 Conc#0" [stack: 0x000000713ad00000,0x000000713ae00000] [id=25860]

[error occurred during error reporting (printing all threads), id 0xc0000005, EXCEPTION_ACCESS_VIOLATION (0xc0000005) at pc=0x00007ffef4459497]

VM state: not at safepoint (not fully initialized)

VM Mutex/Monitor currently owned by a thread:  ([mutex/lock_event])
[0x0000019c0cbeb640] Heap_lock - owner thread: 0x0000019c0cbef470

Heap address: 0x00000000a2200000, size: 1502 MB, Compressed Oops mode: 32-bit

CDS archive(s) mapped at: [0x0000000000000000-0x0000000000000000-0x0000000000000000), size 0, SharedBaseAddress: 0x0000000800000000, ArchiveRelocationMode: 1.
Narrow klass base: 0x0000000000000000, Narrow klass shift: 0, Narrow klass range: 0x0

GC Precious Log:
<Empty>

Heap:
 garbage-first heap   total 0K, used 0K [0x00000000a2200000, 0x0000000100000000)
  region size 1024K, 0 young (0K), 0 survivors (0K)

[error occurred during error reporting (printing heap information), id 0xc0000005, EXCEPTION_ACCESS_VIOLATION (0xc0000005) at pc=0x00007ffef4843559]

GC Heap History (0 events):
No events

Deoptimization events (0 events):
No events

Classes unloaded (0 events):
No events

Classes redefined (0 events):
No events

Internal exceptions (0 events):
No events

VM Operations (0 events):
No events

Events (1 events):
Event: 0.010 Loaded shared library C:\Program Files\Java\jdk-17\bin\java.dll


Dynamic libraries:
0x00007ff6741e0000 - 0x00007ff6741f0000 	C:\Program Files\Java\jdk-17\bin\java.exe
0x00007fff50f60000 - 0x00007fff51169000 	C:\Windows\SYSTEM32\ntdll.dll
0x00007fff4fc80000 - 0x00007fff4fd3d000 	C:\Windows\System32\KERNEL32.DLL
0x00007fff4e510000 - 0x00007fff4e894000 	C:\Windows\System32\KERNELBASE.dll
0x00007fff4e3f0000 - 0x00007fff4e501000 	C:\Windows\System32\ucrtbase.dll
0x00007fff35890000 - 0x00007fff358ab000 	C:\Program Files\Java\jdk-17\bin\VCRUNTIME140.dll
0x00007fff3fbf0000 - 0x00007fff3fc09000 	C:\Program Files\Java\jdk-17\bin\jli.dll
0x00007fff4f720000 - 0x00007fff4f7ce000 	C:\Windows\System32\ADVAPI32.dll
0x00007fff50e70000 - 0x00007fff50f13000 	C:\Windows\System32\msvcrt.dll
0x00007fff50180000 - 0x00007fff5021e000 	C:\Windows\System32\sechost.dll
0x00007fff4fb40000 - 0x00007fff4fc61000 	C:\Windows\System32\RPCRT4.dll
0x00007fff50400000 - 0x00007fff505ad000 	C:\Windows\System32\USER32.dll
0x00007fff4eaf0000 - 0x00007fff4eb16000 	C:\Windows\System32\win32u.dll
0x00007fff4eea0000 - 0x00007fff4eeca000 	C:\Windows\System32\GDI32.dll
0x00007fff325e0000 - 0x00007fff32885000 	C:\Windows\WinSxS\amd64_microsoft.windows.common-controls_6595b64144ccf1df_6.0.22000.120_none_9d947278b86cc467\COMCTL32.dll
0x00007fff4e9d0000 - 0x00007fff4eaee000 	C:\Windows\System32\gdi32full.dll
0x00007fff4ec90000 - 0x00007fff4ed2d000 	C:\Windows\System32\msvcp_win.dll
0x00007fff46960000 - 0x00007fff4696a000 	C:\Windows\SYSTEM32\VERSION.dll
0x00007fff4f6e0000 - 0x00007fff4f711000 	C:\Windows\System32\IMM32.DLL
0x00007fff3f9b0000 - 0x00007fff3f9bc000 	C:\Program Files\Java\jdk-17\bin\vcruntime140_1.dll
0x00007fff30930000 - 0x00007fff309be000 	C:\Program Files\Java\jdk-17\bin\msvcp140.dll
0x00007ffef4170000 - 0x00007ffef4d50000 	C:\Program Files\Java\jdk-17\bin\server\jvm.dll
0x00007fff4fc70000 - 0x00007fff4fc78000 	C:\Windows\System32\PSAPI.DLL
0x00007fff42d90000 - 0x00007fff42d99000 	C:\Windows\SYSTEM32\WSOCK32.dll
0x00007fff47da0000 - 0x00007fff47dd3000 	C:\Windows\SYSTEM32\WINMM.dll
0x00007fff4f900000 - 0x00007fff4f96f000 	C:\Windows\System32\WS2_32.dll
0x00007fff4d460000 - 0x00007fff4d478000 	C:\Windows\SYSTEM32\kernel.appcore.dll
0x00007fff3cb20000 - 0x00007fff3cb2a000 	C:\Program Files\Java\jdk-17\bin\jimage.dll
0x00007fff4c100000 - 0x00007fff4c321000 	C:\Windows\SYSTEM32\DBGHELP.DLL
0x00007fff3da30000 - 0x00007fff3da61000 	C:\Windows\SYSTEM32\dbgcore.DLL
0x00007fff4ed30000 - 0x00007fff4edaf000 	C:\Windows\System32\bcryptPrimitives.dll
0x00007fff312f0000 - 0x00007fff31315000 	C:\Program Files\Java\jdk-17\bin\java.dll

dbghelp: loaded successfully - version: 4.0.5 - missing functions: none
symbol engine: initialized successfully - sym options: 0x614 - pdb path: .;C:\Program Files\Java\jdk-17\bin;C:\Windows\SYSTEM32;C:\Windows\WinSxS\amd64_microsoft.windows.common-controls_6595b64144ccf1df_6.0.22000.120_none_9d947278b86cc467;C:\Program Files\Java\jdk-17\bin\server

VM Arguments:
jvm_args: -Dfile.encoding=UTF-8 --module-path=C:\Users\Lenovo\OneDrive\Documents\NetBeansProjects\Bank Management System\build\classes 
java_command: bank.management.system.Login
java_class_path (initial): C:\Users\Lenovo\OneDrive\Documents\NetBeansProjects\Bank Management System\build\classes
Launcher Type: SUN_STANDARD

[Global flags]
     intx CICompilerCount                          = 4                                         {product} {ergonomic}
     uint ConcGCThreads                            = 3                                         {product} {ergonomic}
     uint G1ConcRefinementThreads                  = 10                                        {product} {ergonomic}
   size_t G1HeapRegionSize                         = 1048576                                   {product} {ergonomic}
    uintx GCDrainStackTargetSize                   = 64                                        {product} {ergonomic}
   size_t InitialHeapSize                          = 98566144                                  {product} {ergonomic}
   size_t MarkStackSize                            = 4194304                                   {product} {ergonomic}
   size_t MaxHeapSize                              = 1574961152                                {product} {ergonomic}
   size_t MinHeapDeltaBytes                        = 1048576                                   {product} {ergonomic}
   size_t MinHeapSize                              = 8388608                                   {product} {ergonomic}
    uintx NonNMethodCodeHeapSize                   = 5839372                                {pd product} {ergonomic}
    uintx NonProfiledCodeHeapSize                  = 122909434                              {pd product} {ergonomic}
    uintx ProfiledCodeHeapSize                     = 122909434                              {pd product} {ergonomic}
    uintx ReservedCodeCacheSize                    = 251658240                              {pd product} {ergonomic}
     bool SegmentedCodeCache                       = true                                      {product} {ergonomic}
   size_t SoftMaxHeapSize                          = 1574961152                             {manageable} {ergonomic}
     bool UseCompressedClassPointers               = true                           {product lp64_product} {ergonomic}
     bool UseCompressedOops                        = true                           {product lp64_product} {ergonomic}
     bool UseG1GC                                  = true                                      {product} {ergonomic}
     bool UseLargePagesIndividualAllocation        = false                                  {pd product} {ergonomic}

Logging:
Log output configuration:
 #0: stdout all=warning uptime,level,tags
 #1: stderr all=off uptime,level,tags

Environment Variables:
PATH=C:\Program Files\Common Files\Oracle\Java\javapath;C:\oraclexe\app\oracle\product\10.2.0\server\bin;C:\Program Files (x86)\Common Files\Oracle\Java\javapath;C:\Program Files (x86)\VMware\VMware Workstation\bin\;C:\Windows\system32;C:\Windows;C:\Windows\System32\Wbem;C:\Windows\System32\WindowsPowerShell\v1.0\;C:\Windows\System32\OpenSSH\;C:\MinGW\bin;C:\Program Files\Java\jdk1.8.0_301\bin;C:\Program Files\Java\jre1.8.0_301\bin;C:\Program Files\Git\cmd;C:\Program Files\MongoDB\Server\4.0\bin;C:\Program Files\Java\jdk-17\bin;C:\Program Files\MySQL\MySQL Shell 8.0\bin\;C:\Users\Lenovo\AppData\Local\Programs\Python\Python311\Scripts\;C:\Users\Lenovo\AppData\Local\Programs\Python\Python311\;C:\Users\Lenovo\AppData\Local\Microsoft\WindowsApps;C:\Users\Lenovo\AppData\Local\Programs\Microsoft VS Code\bin;C:\MinGW\bin;
USERNAME=Lenovo
OS=Windows_NT
PROCESSOR_IDENTIFIER=AMD64 Family 23 Model 104 Stepping 1, AuthenticAMD



---------------  S Y S T E M  ---------------

OS:
 Windows 11 , 64 bit Build 22000 (10.0.22000.2538)
OS uptime: 9 days 18:33 hours

CPU: total 12 (initial active 12) (12 cores per cpu, 2 threads per core) family 23 model 104 stepping 1 microcode 0x0, cx8, cmov, fxsr, ht, mmx, 3dnowpref, sse, sse2, sse3, ssse3, sse4a, sse4.1, sse4.2, popcnt, lzcnt, tsc, tscinvbit, avx, avx2, aes, clmul, bmi1, bmi2, adx, sha, fma, vzeroupper, clflush, clflushopt

Memory: 4k page, system-wide physical 6005M (1071M free)
TotalPageFile size 24437M (AvailPageFile size 12M)
current process WorkingSet (physical memory assigned to process): 10M, peak: 10M
current process commit charge ("private bytes"): 64M, peak: 158M

vm_info: Java HotSpot(TM) 64-Bit Server VM (17.0.11+7-LTS-207) for windows-amd64 JRE (17.0.11+7-LTS-207), built on Mar 11 2024 19:01:50 by "mach5one" with MS VC++ 17.6 (VS2022)

END.
