#
# There is insufficient memory for the Java Runtime Environment to continue.
# Native memory allocation (mmap) failed to map 65536 bytes for Failed to commit metaspace.
# Possible reasons:
#   The system is out of physical RAM or swap space
#   The process is running with CompressedOops enabled, and the Java Heap may be blocking the growth of the native heap
# Possible solutions:
#   Reduce memory load on the system
#   Increase physical memory or swap space
#   Check if swap backing store is full
#   Decrease Java heap size (-Xmx/-Xms)
#   Decrease number of Java threads
#   Decrease Java thread stack sizes (-Xss)
#   Set larger code cache with -XX:ReservedCodeCacheSize=
#   JVM is running with Unscaled Compressed Oops mode in which the Java heap is
#     placed in the first 4GB address space. The Java Heap base address is the
#     maximum limit for the native heap growth. Please use -XX:HeapBaseMinAddress
#     to set the Java Heap base and to place the Java Heap above 4GB virtual address.
# This output file may be truncated or incomplete.
#
#  Out of Memory Error (virtualSpaceNode.cpp:110), pid=6632, tid=7784
#
# JRE version: Java(TM) SE Runtime Environment (17.0.11+7) (build 17.0.11+7-LTS-207)
# Java VM: Java HotSpot(TM) 64-Bit Server VM (17.0.11+7-LTS-207, mixed mode, sharing, tiered, compressed oops, compressed class ptrs, g1 gc, windows-amd64)
# No core dump will be written. Minidumps are not enabled by default on client versions of Windows
#

---------------  S U M M A R Y ------------

Command Line: -Dfile.encoding=UTF-8 --module-path=C:\Users\Lenovo\OneDrive\Documents\NetBeansProjects\Bank Management System\build\classes bank.management.system.SignupOne

Host: AMD Ryzen 5 5500U with Radeon Graphics         , 12 cores, 5G,  Windows 11 , 64 bit Build 22000 (10.0.22000.2538)
Time: Fri Oct  4 11:45:24 2024 India Standard Time elapsed time: 0.200978 seconds (0d 0h 0m 0s)

---------------  T H R E A D  ---------------

Current thread (0x0000021b3836ec70):  JavaThread "main" [_thread_in_vm, id=7784, stack(0x000000b972b00000,0x000000b972c00000)]

Stack: [0x000000b972b00000,0x000000b972c00000]
Native frames: (J=compiled Java code, j=interpreted, Vv=VM code, C=native code)
V  [jvm.dll+0x679cca]
V  [jvm.dll+0x7da13d]
V  [jvm.dll+0x7dba83]
V  [jvm.dll+0x7dc0f3]
V  [jvm.dll+0x2449af]
V  [jvm.dll+0x7d5d0b]
V  [jvm.dll+0x6200b6]
V  [jvm.dll+0x62011a]
V  [jvm.dll+0x62293d]
V  [jvm.dll+0x620a76]
V  [jvm.dll+0x238c8f]
V  [jvm.dll+0x62a925]
V  [jvm.dll+0x1e7e32]
V  [jvm.dll+0x1e8355]
V  [jvm.dll+0x1e8c9b]
V  [jvm.dll+0x1de3c1]
V  [jvm.dll+0x53f19c]
V  [jvm.dll+0x1eed6a]
V  [jvm.dll+0x7543bd]
V  [jvm.dll+0x7557d6]
V  [jvm.dll+0x755b08]
V  [jvm.dll+0x23ca5b]
V  [jvm.dll+0x37ca5e]
C  0x0000021b4718b9d7

Java frames: (J=compiled Java code, j=interpreted, Vv=VM code)
j  java.awt.Window.<clinit>()V+128 java.desktop@17.0.11
v  ~StubRoutines::call_stub

---------------  P R O C E S S  ---------------

Threads class SMR info:
_java_thread_list=0x0000021b557c9320, length=12, elements={
0x0000021b3836ec70, 0x0000021b55544c30, 0x0000021b555458b0, 0x0000021b55557f70,
0x0000021b55558930, 0x0000021b555592f0, 0x0000021b5555a0c0, 0x0000021b5555ae60,
0x0000021b5556f3c0, 0x0000021b555a0590, 0x0000021b5575efe0, 0x0000021b55806f00
}

Java Threads: ( => current thread )
=>0x0000021b3836ec70 JavaThread "main" [_thread_in_vm, id=7784, stack(0x000000b972b00000,0x000000b972c00000)]
  0x0000021b55544c30 JavaThread "Reference Handler" daemon [_thread_blocked, id=16600, stack(0x000000b973200000,0x000000b973300000)]
  0x0000021b555458b0 JavaThread "Finalizer" daemon [_thread_blocked, id=11316, stack(0x000000b973300000,0x000000b973400000)]
  0x0000021b55557f70 JavaThread "Signal Dispatcher" daemon [_thread_blocked, id=9700, stack(0x000000b973400000,0x000000b973500000)]
  0x0000021b55558930 JavaThread "Attach Listener" daemon [_thread_blocked, id=24968, stack(0x000000b973500000,0x000000b973600000)]
  0x0000021b555592f0 JavaThread "Service Thread" daemon [_thread_blocked, id=24104, stack(0x000000b973600000,0x000000b973700000)]
  0x0000021b5555a0c0 JavaThread "Monitor Deflation Thread" daemon [_thread_blocked, id=21824, stack(0x000000b973700000,0x000000b973800000)]
  0x0000021b5555ae60 JavaThread "C2 CompilerThread0" daemon [_thread_blocked, id=5988, stack(0x000000b973800000,0x000000b973900000)]
  0x0000021b5556f3c0 JavaThread "C1 CompilerThread0" daemon [_thread_in_vm, id=26260, stack(0x000000b973900000,0x000000b973a00000)]
  0x0000021b555a0590 JavaThread "Sweeper thread" daemon [_thread_blocked, id=26816, stack(0x000000b973a00000,0x000000b973b00000)]
  0x0000021b5575efe0 JavaThread "Common-Cleaner" daemon [_thread_blocked, id=27492, stack(0x000000b973b00000,0x000000b973c00000)]
  0x0000021b55806f00 JavaThread "Notification Thread" daemon [_thread_blocked, id=10896, stack(0x000000b973c00000,0x000000b973d00000)]

Other Threads:
  0x0000021b555408d0 VMThread "VM Thread" [stack: 0x000000b973100000,0x000000b973200000] [id=26448]
  0x0000021b383ddac0 WatcherThread [stack: 0x000000b973d00000,0x000000b973e00000] [id=22784]
  0x0000021b383bb400 GCTaskThread "GC Thread#0" [stack: 0x000000b972c00000,0x000000b972d00000] [id=21020]
  0x0000021b383c7e10 ConcurrentGCThread "G1 Main Marker" [stack: 0x000000b972d00000,0x000000b972e00000] [id=23748]
  0x0000021b383c8ec0 ConcurrentGCThread "G1 Conc#0" [stack: 0x000000b972e00000,0x000000b972f00000] [id=2652]
  0x0000021b38449db0 ConcurrentGCThread "G1 Refine#0" [stack: 0x000000b972f00000,0x000000b973000000] [id=25108]
  0x0000021b3844a6e0 ConcurrentGCThread "G1 Service" [stack: 0x000000b973000000,0x000000b973100000] [id=5492]

Threads with active compile tasks:
C1 CompilerThread0      217  313       3       sun.invoke.util.Wrapper::forPrimitiveType (49 bytes)

VM state: not at safepoint (normal execution)

VM Mutex/Monitor currently owned by a thread:  ([mutex/lock_event])
[0x0000021b3836a420] Metaspace_lock - owner thread: 0x0000021b3836ec70
[0x0000021b38369460] MethodData_lock - owner thread: 0x0000021b5556f3c0

Heap address: 0x00000000a2200000, size: 1502 MB, Compressed Oops mode: 32-bit

CDS archive(s) mapped at: [0x0000021b56000000-0x0000021b56bd0000-0x0000021b56bd0000), size 12386304, SharedBaseAddress: 0x0000021b56000000, ArchiveRelocationMode: 1.
Compressed class space mapped at: 0x0000021b57000000-0x0000021b97000000, reserved size: 1073741824
Narrow klass base: 0x0000021b56000000, Narrow klass shift: 0, Narrow klass range: 0x100000000

GC Precious Log:
 CPUs: 12 total, 12 available
 Memory: 6005M
 Large Page Support: Disabled
 NUMA Support: Disabled
 Compressed Oops: Enabled (32-bit)
 Heap Region Size: 1M
 Heap Min Capacity: 8M
 Heap Initial Capacity: 94M
 Heap Max Capacity: 1502M
 Pre-touch: Disabled
 Parallel Workers: 10
 Concurrent Workers: 3
 Concurrent Refinement Workers: 10
 Periodic GC: Disabled

Heap:
 garbage-first heap   total 96256K, used 2048K [0x00000000a2200000, 0x0000000100000000)
  region size 1024K, 3 young (3072K), 0 survivors (0K)
 Metaspace       used 1358K, committed 1472K, reserved 1114112K
  class space    used 110K, committed 192K, reserved 1048576K

Heap Regions: E=young(eden), S=young(survivor), O=old, HS=humongous(starts), HC=humongous(continues), CS=collection set, F=free, OA=open archive, CA=closed archive, TAMS=top-at-mark-start (previous, next)
|   0|0x00000000a2200000, 0x00000000a2200000, 0x00000000a2300000|  0%| F|  |TAMS 0x00000000a2200000, 0x00000000a2200000| Untracked 
|   1|0x00000000a2300000, 0x00000000a2300000, 0x00000000a2400000|  0%| F|  |TAMS 0x00000000a2300000, 0x00000000a2300000| Untracked 
|   2|0x00000000a2400000, 0x00000000a2400000, 0x00000000a2500000|  0%| F|  |TAMS 0x00000000a2400000, 0x00000000a2400000| Untracked 
|   3|0x00000000a2500000, 0x00000000a2500000, 0x00000000a2600000|  0%| F|  |TAMS 0x00000000a2500000, 0x00000000a2500000| Untracked 
|   4|0x00000000a2600000, 0x00000000a2600000, 0x00000000a2700000|  0%| F|  |TAMS 0x00000000a2600000, 0x00000000a2600000| Untracked 
|   5|0x00000000a2700000, 0x00000000a2700000, 0x00000000a2800000|  0%| F|  |TAMS 0x00000000a2700000, 0x00000000a2700000| Untracked 
|   6|0x00000000a2800000, 0x00000000a2800000, 0x00000000a2900000|  0%| F|  |TAMS 0x00000000a2800000, 0x00000000a2800000| Untracked 
|   7|0x00000000a2900000, 0x00000000a2900000, 0x00000000a2a00000|  0%| F|  |TAMS 0x00000000a2900000, 0x00000000a2900000| Untracked 
|   8|0x00000000a2a00000, 0x00000000a2a00000, 0x00000000a2b00000|  0%| F|  |TAMS 0x00000000a2a00000, 0x00000000a2a00000| Untracked 
|   9|0x00000000a2b00000, 0x00000000a2b00000, 0x00000000a2c00000|  0%| F|  |TAMS 0x00000000a2b00000, 0x00000000a2b00000| Untracked 
|  10|0x00000000a2c00000, 0x00000000a2c00000, 0x00000000a2d00000|  0%| F|  |TAMS 0x00000000a2c00000, 0x00000000a2c00000| Untracked 
|  11|0x00000000a2d00000, 0x00000000a2d00000, 0x00000000a2e00000|  0%| F|  |TAMS 0x00000000a2d00000, 0x00000000a2d00000| Untracked 
|  12|0x00000000a2e00000, 0x00000000a2e00000, 0x00000000a2f00000|  0%| F|  |TAMS 0x00000000a2e00000, 0x00000000a2e00000| Untracked 
|  13|0x00000000a2f00000, 0x00000000a2f00000, 0x00000000a3000000|  0%| F|  |TAMS 0x00000000a2f00000, 0x00000000a2f00000| Untracked 
|  14|0x00000000a3000000, 0x00000000a3000000, 0x00000000a3100000|  0%| F|  |TAMS 0x00000000a3000000, 0x00000000a3000000| Untracked 
|  15|0x00000000a3100000, 0x00000000a3100000, 0x00000000a3200000|  0%| F|  |TAMS 0x00000000a3100000, 0x00000000a3100000| Untracked 
|  16|0x00000000a3200000, 0x00000000a3200000, 0x00000000a3300000|  0%| F|  |TAMS 0x00000000a3200000, 0x00000000a3200000| Untracked 
|  17|0x00000000a3300000, 0x00000000a3300000, 0x00000000a3400000|  0%| F|  |TAMS 0x00000000a3300000, 0x00000000a3300000| Untracked 
|  18|0x00000000a3400000, 0x00000000a3400000, 0x00000000a3500000|  0%| F|  |TAMS 0x00000000a3400000, 0x00000000a3400000| Untracked 
|  19|0x00000000a3500000, 0x00000000a3500000, 0x00000000a3600000|  0%| F|  |TAMS 0x00000000a3500000, 0x00000000a3500000| Untracked 
|  20|0x00000000a3600000, 0x00000000a3600000, 0x00000000a3700000|  0%| F|  |TAMS 0x00000000a3600000, 0x00000000a3600000| Untracked 
|  21|0x00000000a3700000, 0x00000000a3700000, 0x00000000a3800000|  0%| F|  |TAMS 0x00000000a3700000, 0x00000000a3700000| Untracked 
|  22|0x00000000a3800000, 0x00000000a3800000, 0x00000000a3900000|  0%| F|  |TAMS 0x00000000a3800000, 0x00000000a3800000| Untracked 
|  23|0x00000000a3900000, 0x00000000a3900000, 0x00000000a3a00000|  0%| F|  |TAMS 0x00000000a3900000, 0x00000000a3900000| Untracked 
|  24|0x00000000a3a00000, 0x00000000a3a00000, 0x00000000a3b00000|  0%| F|  |TAMS 0x00000000a3a00000, 0x00000000a3a00000| Untracked 
|  25|0x00000000a3b00000, 0x00000000a3b00000, 0x00000000a3c00000|  0%| F|  |TAMS 0x00000000a3b00000, 0x00000000a3b00000| Untracked 
|  26|0x00000000a3c00000, 0x00000000a3c00000, 0x00000000a3d00000|  0%| F|  |TAMS 0x00000000a3c00000, 0x00000000a3c00000| Untracked 
|  27|0x00000000a3d00000, 0x00000000a3d00000, 0x00000000a3e00000|  0%| F|  |TAMS 0x00000000a3d00000, 0x00000000a3d00000| Untracked 
|  28|0x00000000a3e00000, 0x00000000a3e00000, 0x00000000a3f00000|  0%| F|  |TAMS 0x00000000a3e00000, 0x00000000a3e00000| Untracked 
|  29|0x00000000a3f00000, 0x00000000a3f00000, 0x00000000a4000000|  0%| F|  |TAMS 0x00000000a3f00000, 0x00000000a3f00000| Untracked 
|  30|0x00000000a4000000, 0x00000000a4000000, 0x00000000a4100000|  0%| F|  |TAMS 0x00000000a4000000, 0x00000000a4000000| Untracked 
|  31|0x00000000a4100000, 0x00000000a4100000, 0x00000000a4200000|  0%| F|  |TAMS 0x00000000a4100000, 0x00000000a4100000| Untracked 
|  32|0x00000000a4200000, 0x00000000a4200000, 0x00000000a4300000|  0%| F|  |TAMS 0x00000000a4200000, 0x00000000a4200000| Untracked 
|  33|0x00000000a4300000, 0x00000000a4300000, 0x00000000a4400000|  0%| F|  |TAMS 0x00000000a4300000, 0x00000000a4300000| Untracked 
|  34|0x00000000a4400000, 0x00000000a4400000, 0x00000000a4500000|  0%| F|  |TAMS 0x00000000a4400000, 0x00000000a4400000| Untracked 
|  35|0x00000000a4500000, 0x00000000a4500000, 0x00000000a4600000|  0%| F|  |TAMS 0x00000000a4500000, 0x00000000a4500000| Untracked 
|  36|0x00000000a4600000, 0x00000000a4600000, 0x00000000a4700000|  0%| F|  |TAMS 0x00000000a4600000, 0x00000000a4600000| Untracked 
|  37|0x00000000a4700000, 0x00000000a4700000, 0x00000000a4800000|  0%| F|  |TAMS 0x00000000a4700000, 0x00000000a4700000| Untracked 
|  38|0x00000000a4800000, 0x00000000a4800000, 0x00000000a4900000|  0%| F|  |TAMS 0x00000000a4800000, 0x00000000a4800000| Untracked 
|  39|0x00000000a4900000, 0x00000000a4900000, 0x00000000a4a00000|  0%| F|  |TAMS 0x00000000a4900000, 0x00000000a4900000| Untracked 
|  40|0x00000000a4a00000, 0x00000000a4a00000, 0x00000000a4b00000|  0%| F|  |TAMS 0x00000000a4a00000, 0x00000000a4a00000| Untracked 
|  41|0x00000000a4b00000, 0x00000000a4b00000, 0x00000000a4c00000|  0%| F|  |TAMS 0x00000000a4b00000, 0x00000000a4b00000| Untracked 
|  42|0x00000000a4c00000, 0x00000000a4c00000, 0x00000000a4d00000|  0%| F|  |TAMS 0x00000000a4c00000, 0x00000000a4c00000| Untracked 
|  43|0x00000000a4d00000, 0x00000000a4d00000, 0x00000000a4e00000|  0%| F|  |TAMS 0x00000000a4d00000, 0x00000000a4d00000| Untracked 
|  44|0x00000000a4e00000, 0x00000000a4e00000, 0x00000000a4f00000|  0%| F|  |TAMS 0x00000000a4e00000, 0x00000000a4e00000| Untracked 
|  45|0x00000000a4f00000, 0x00000000a4f00000, 0x00000000a5000000|  0%| F|  |TAMS 0x00000000a4f00000, 0x00000000a4f00000| Untracked 
|  46|0x00000000a5000000, 0x00000000a5000000, 0x00000000a5100000|  0%| F|  |TAMS 0x00000000a5000000, 0x00000000a5000000| Untracked 
|  47|0x00000000a5100000, 0x00000000a5100000, 0x00000000a5200000|  0%| F|  |TAMS 0x00000000a5100000, 0x00000000a5100000| Untracked 
|  48|0x00000000a5200000, 0x00000000a5200000, 0x00000000a5300000|  0%| F|  |TAMS 0x00000000a5200000, 0x00000000a5200000| Untracked 
|  49|0x00000000a5300000, 0x00000000a5300000, 0x00000000a5400000|  0%| F|  |TAMS 0x00000000a5300000, 0x00000000a5300000| Untracked 
|  50|0x00000000a5400000, 0x00000000a5400000, 0x00000000a5500000|  0%| F|  |TAMS 0x00000000a5400000, 0x00000000a5400000| Untracked 
|  51|0x00000000a5500000, 0x00000000a5500000, 0x00000000a5600000|  0%| F|  |TAMS 0x00000000a5500000, 0x00000000a5500000| Untracked 
|  52|0x00000000a5600000, 0x00000000a5600000, 0x00000000a5700000|  0%| F|  |TAMS 0x00000000a5600000, 0x00000000a5600000| Untracked 
|  53|0x00000000a5700000, 0x00000000a5700000, 0x00000000a5800000|  0%| F|  |TAMS 0x00000000a5700000, 0x00000000a5700000| Untracked 
|  54|0x00000000a5800000, 0x00000000a5800000, 0x00000000a5900000|  0%| F|  |TAMS 0x00000000a5800000, 0x00000000a5800000| Untracked 
|  55|0x00000000a5900000, 0x00000000a5900000, 0x00000000a5a00000|  0%| F|  |TAMS 0x00000000a5900000, 0x00000000a5900000| Untracked 
|  56|0x00000000a5a00000, 0x00000000a5a00000, 0x00000000a5b00000|  0%| F|  |TAMS 0x00000000a5a00000, 0x00000000a5a00000| Untracked 
|  57|0x00000000a5b00000, 0x00000000a5b00000, 0x00000000a5c00000|  0%| F|  |TAMS 0x00000000a5b00000, 0x00000000a5b00000| Untracked 
|  58|0x00000000a5c00000, 0x00000000a5c00000, 0x00000000a5d00000|  0%| F|  |TAMS 0x00000000a5c00000, 0x00000000a5c00000| Untracked 
|  59|0x00000000a5d00000, 0x00000000a5d00000, 0x00000000a5e00000|  0%| F|  |TAMS 0x00000000a5d00000, 0x00000000a5d00000| Untracked 
|  60|0x00000000a5e00000, 0x00000000a5e00000, 0x00000000a5f00000|  0%| F|  |TAMS 0x00000000a5e00000, 0x00000000a5e00000| Untracked 
|  61|0x00000000a5f00000, 0x00000000a5f00000, 0x00000000a6000000|  0%| F|  |TAMS 0x00000000a5f00000, 0x00000000a5f00000| Untracked 
|  62|0x00000000a6000000, 0x00000000a6000000, 0x00000000a6100000|  0%| F|  |TAMS 0x00000000a6000000, 0x00000000a6000000| Untracked 
|  63|0x00000000a6100000, 0x00000000a6100000, 0x00000000a6200000|  0%| F|  |TAMS 0x00000000a6100000, 0x00000000a6100000| Untracked 
|  64|0x00000000a6200000, 0x00000000a6200000, 0x00000000a6300000|  0%| F|  |TAMS 0x00000000a6200000, 0x00000000a6200000| Untracked 
|  65|0x00000000a6300000, 0x00000000a6300000, 0x00000000a6400000|  0%| F|  |TAMS 0x00000000a6300000, 0x00000000a6300000| Untracked 
|  66|0x00000000a6400000, 0x00000000a6400000, 0x00000000a6500000|  0%| F|  |TAMS 0x00000000a6400000, 0x00000000a6400000| Untracked 
|  67|0x00000000a6500000, 0x00000000a6500000, 0x00000000a6600000|  0%| F|  |TAMS 0x00000000a6500000, 0x00000000a6500000| Untracked 
|  68|0x00000000a6600000, 0x00000000a6600000, 0x00000000a6700000|  0%| F|  |TAMS 0x00000000a6600000, 0x00000000a6600000| Untracked 
|  69|0x00000000a6700000, 0x00000000a6700000, 0x00000000a6800000|  0%| F|  |TAMS 0x00000000a6700000, 0x00000000a6700000| Untracked 
|  70|0x00000000a6800000, 0x00000000a6800000, 0x00000000a6900000|  0%| F|  |TAMS 0x00000000a6800000, 0x00000000a6800000| Untracked 
|  71|0x00000000a6900000, 0x00000000a6900000, 0x00000000a6a00000|  0%| F|  |TAMS 0x00000000a6900000, 0x00000000a6900000| Untracked 
|  72|0x00000000a6a00000, 0x00000000a6a00000, 0x00000000a6b00000|  0%| F|  |TAMS 0x00000000a6a00000, 0x00000000a6a00000| Untracked 
|  73|0x00000000a6b00000, 0x00000000a6b00000, 0x00000000a6c00000|  0%| F|  |TAMS 0x00000000a6b00000, 0x00000000a6b00000| Untracked 
|  74|0x00000000a6c00000, 0x00000000a6c00000, 0x00000000a6d00000|  0%| F|  |TAMS 0x00000000a6c00000, 0x00000000a6c00000| Untracked 
|  75|0x00000000a6d00000, 0x00000000a6d00000, 0x00000000a6e00000|  0%| F|  |TAMS 0x00000000a6d00000, 0x00000000a6d00000| Untracked 
|  76|0x00000000a6e00000, 0x00000000a6e00000, 0x00000000a6f00000|  0%| F|  |TAMS 0x00000000a6e00000, 0x00000000a6e00000| Untracked 
|  77|0x00000000a6f00000, 0x00000000a6f00000, 0x00000000a7000000|  0%| F|  |TAMS 0x00000000a6f00000, 0x00000000a6f00000| Untracked 
|  78|0x00000000a7000000, 0x00000000a7000000, 0x00000000a7100000|  0%| F|  |TAMS 0x00000000a7000000, 0x00000000a7000000| Untracked 
|  79|0x00000000a7100000, 0x00000000a7100000, 0x00000000a7200000|  0%| F|  |TAMS 0x00000000a7100000, 0x00000000a7100000| Untracked 
|  80|0x00000000a7200000, 0x00000000a7200000, 0x00000000a7300000|  0%| F|  |TAMS 0x00000000a7200000, 0x00000000a7200000| Untracked 
|  81|0x00000000a7300000, 0x00000000a7300000, 0x00000000a7400000|  0%| F|  |TAMS 0x00000000a7300000, 0x00000000a7300000| Untracked 
|  82|0x00000000a7400000, 0x00000000a7400000, 0x00000000a7500000|  0%| F|  |TAMS 0x00000000a7400000, 0x00000000a7400000| Untracked 
|  83|0x00000000a7500000, 0x00000000a7500000, 0x00000000a7600000|  0%| F|  |TAMS 0x00000000a7500000, 0x00000000a7500000| Untracked 
|  84|0x00000000a7600000, 0x00000000a7600000, 0x00000000a7700000|  0%| F|  |TAMS 0x00000000a7600000, 0x00000000a7600000| Untracked 
|  85|0x00000000a7700000, 0x00000000a7700000, 0x00000000a7800000|  0%| F|  |TAMS 0x00000000a7700000, 0x00000000a7700000| Untracked 
|  86|0x00000000a7800000, 0x00000000a7800000, 0x00000000a7900000|  0%| F|  |TAMS 0x00000000a7800000, 0x00000000a7800000| Untracked 
|  87|0x00000000a7900000, 0x00000000a7900000, 0x00000000a7a00000|  0%| F|  |TAMS 0x00000000a7900000, 0x00000000a7900000| Untracked 
|  88|0x00000000a7a00000, 0x00000000a7a00000, 0x00000000a7b00000|  0%| F|  |TAMS 0x00000000a7a00000, 0x00000000a7a00000| Untracked 
|  89|0x00000000a7b00000, 0x00000000a7b00000, 0x00000000a7c00000|  0%| F|  |TAMS 0x00000000a7b00000, 0x00000000a7b00000| Untracked 
|  90|0x00000000a7c00000, 0x00000000a7c00000, 0x00000000a7d00000|  0%| F|  |TAMS 0x00000000a7c00000, 0x00000000a7c00000| Untracked 
|  91|0x00000000a7d00000, 0x00000000a7d76448, 0x00000000a7e00000| 46%| E|  |TAMS 0x00000000a7d00000, 0x00000000a7d00000| Complete 
|  92|0x00000000a7e00000, 0x00000000a7f00000, 0x00000000a7f00000|100%| E|CS|TAMS 0x00000000a7e00000, 0x00000000a7e00000| Complete 
|  93|0x00000000a7f00000, 0x00000000a8000000, 0x00000000a8000000|100%| E|CS|TAMS 0x00000000a7f00000, 0x00000000a7f00000| Complete 

Card table byte_map: [0x0000021b4f480000,0x0000021b4f770000] _byte_map_base: 0x0000021b4ef6f000

Marking Bits (Prev, Next): (CMBitMap*) 0x0000021b383bb920, (CMBitMap*) 0x0000021b383bb960
 Prev Bits: [0x0000021b4fa60000, 0x0000021b511d8000)
 Next Bits: [0x0000021b511e0000, 0x0000021b52958000)

Polling page: 0x0000021b362d0000

Metaspace:

Usage:
  Non-class:      1.22 MB used.
      Class:    110.53 KB used.
       Both:      1.33 MB used.

Virtual space:
  Non-class space:       64.00 MB reserved,       1.25 MB (  2%) committed,  1 nodes.
      Class space:        1.00 GB reserved,     192.00 KB ( <1%) committed,  1 nodes.
             Both:        1.06 GB reserved,       1.44 MB ( <1%) committed. 

Chunk freelists:
   Non-Class:  11.96 MB
       Class:  15.72 MB
        Both:  27.68 MB

MaxMetaspaceSize: unlimited
CompressedClassSpaceSize: 1.00 GB
Initial GC threshold: 21.00 MB
Current GC threshold: 21.00 MB
CDS: on
MetaspaceReclaimPolicy: balanced
 - commit_granule_bytes: 65536.
 - commit_granule_words: 8192.
 - virtual_space_node_default_size: 8388608.
 - enlarge_chunks_in_place: 1.
 - new_chunks_are_fully_committed: 0.
 - uncommit_free_chunks: 1.
 - use_allocation_guard: 0.
 - handle_deallocations: 1.


Internal statistics:

num_allocs_failed_limit: 0.
num_arena_births: 44.
num_arena_deaths: 0.
num_vsnodes_births: 2.
num_vsnodes_deaths: 0.
num_space_committed: 23.
num_space_uncommitted: 0.
num_chunks_returned_to_freelist: 0.
num_chunks_taken_from_freelist: 46.
num_chunk_merges: 0.
num_chunk_splits: 33.
num_chunks_enlarged: 20.
num_inconsistent_stats: 0.

CodeHeap 'non-profiled nmethods': size=120000Kb used=106Kb max_used=106Kb free=119893Kb
 bounds [0x0000021b47710000, 0x0000021b47980000, 0x0000021b4ec40000]
CodeHeap 'profiled nmethods': size=120000Kb used=381Kb max_used=381Kb free=119618Kb
 bounds [0x0000021b3fc40000, 0x0000021b3feb0000, 0x0000021b47170000]
CodeHeap 'non-nmethods': size=5760Kb used=1123Kb max_used=1123Kb free=4636Kb
 bounds [0x0000021b47170000, 0x0000021b473e0000, 0x0000021b47710000]
 total_blobs=715 nmethods=312 adapters=316
 compilation: enabled
              stopped_count=0, restarted_count=0
 full_count=0

Compilation events (20 events):
Event: 0.183 Thread 0x0000021b5556f3c0 nmethod 299 0x0000021b3fc94a10 code [0x0000021b3fc94ca0, 0x0000021b3fc958c8]
Event: 0.183 Thread 0x0000021b5556f3c0  303       3       jdk.internal.org.objectweb.asm.SymbolTable::addConstantUtf8Reference (101 bytes)
Event: 0.183 Thread 0x0000021b5556f3c0 nmethod 303 0x0000021b3fc95d90 code [0x0000021b3fc95fa0, 0x0000021b3fc96598]
Event: 0.183 Thread 0x0000021b5556f3c0  301       3       sun.invoke.util.VerifyType::isNullConversion (157 bytes)
Event: 0.184 Thread 0x0000021b5556f3c0 nmethod 301 0x0000021b3fc96890 code [0x0000021b3fc96bc0, 0x0000021b3fc981a8]
Event: 0.184 Thread 0x0000021b5556f3c0  306       3       java.lang.invoke.LambdaForm$Name::isParam (13 bytes)
Event: 0.184 Thread 0x0000021b5556f3c0 nmethod 306 0x0000021b3fc98690 code [0x0000021b3fc98820, 0x0000021b3fc98998]
Event: 0.184 Thread 0x0000021b5556f3c0  302       3       jdk.internal.org.objectweb.asm.SymbolTable::addConstantClass (8 bytes)
Event: 0.184 Thread 0x0000021b5556f3c0 nmethod 302 0x0000021b3fc98a10 code [0x0000021b3fc98ba0, 0x0000021b3fc98ce8]
Event: 0.184 Thread 0x0000021b5556f3c0  304       3       jdk.internal.org.objectweb.asm.ByteVector::put122 (93 bytes)
Event: 0.185 Thread 0x0000021b5556f3c0 nmethod 304 0x0000021b3fc98d90 code [0x0000021b3fc98f40, 0x0000021b3fc991c8]
Event: 0.185 Thread 0x0000021b5556f3c0  298   !   3       java.lang.invoke.MemberName::clone (14 bytes)
Event: 0.185 Thread 0x0000021b5556f3c0 nmethod 298 0x0000021b3fc99390 code [0x0000021b3fc99560, 0x0000021b3fc998d8]
Event: 0.185 Thread 0x0000021b5556f3c0  308       3       java.lang.invoke.MemberName::getMethodOrFieldType (72 bytes)
Event: 0.186 Thread 0x0000021b5556f3c0 nmethod 308 0x0000021b3fc99a90 code [0x0000021b3fc99dc0, 0x0000021b3fc9aca8]
Event: 0.186 Thread 0x0000021b5556f3c0  310   !   3       java.lang.invoke.MemberName$Factory::resolve (159 bytes)
Event: 0.186 Thread 0x0000021b5556f3c0 nmethod 310 0x0000021b3fc9b210 code [0x0000021b3fc9b440, 0x0000021b3fc9bb48]
Event: 0.186 Thread 0x0000021b5556f3c0  312       3       java.lang.invoke.MemberName::checkForTypeAlias (172 bytes)
Event: 0.188 Thread 0x0000021b5556f3c0 nmethod 312 0x0000021b3fc9be90 code [0x0000021b3fc9c300, 0x0000021b3fc9e1d8]
Event: 0.199 Thread 0x0000021b5556f3c0  314       3       java.lang.invoke.MethodTypeForm::canonicalizeAll (63 bytes)

GC Heap History (0 events):
No events

Deoptimization events (0 events):
No events

Classes unloaded (0 events):
No events

Classes redefined (0 events):
No events

Internal exceptions (7 events):
Event: 0.101 Thread 0x0000021b3836ec70 Exception <a 'sun/nio/fs/WindowsException'{0x00000000a7e3fba0}> (0x00000000a7e3fba0) 
thrown [s\open\src\hotspot\share\prims\jni.cpp, line 516]
Event: 0.102 Thread 0x0000021b3836ec70 Exception <a 'sun/nio/fs/WindowsException'{0x00000000a7e40150}> (0x00000000a7e40150) 
thrown [s\open\src\hotspot\share\prims\jni.cpp, line 516]
Event: 0.104 Thread 0x0000021b3836ec70 Exception <a 'sun/nio/fs/WindowsException'{0x00000000a7e426e8}> (0x00000000a7e426e8) 
thrown [s\open\src\hotspot\share\prims\jni.cpp, line 516]
Event: 0.104 Thread 0x0000021b3836ec70 Exception <a 'sun/nio/fs/WindowsException'{0x00000000a7e43260}> (0x00000000a7e43260) 
thrown [s\open\src\hotspot\share\prims\jni.cpp, line 516]
Event: 0.146 Thread 0x0000021b3836ec70 Exception <a 'java/lang/ClassNotFoundException'{0x00000000a7ee11b0}: sun/awt/resources/spi/awtProvider> (0x00000000a7ee11b0) 
thrown [s\open\src\hotspot\share\classfile\systemDictionary.cpp, line 256]
Event: 0.175 Thread 0x0000021b3836ec70 Exception <a 'java/io/FileNotFoundException'{0x00000000a7d33d78}> (0x00000000a7d33d78) 
thrown [s\open\src\hotspot\share\prims\jni.cpp, line 516]
Event: 0.185 Thread 0x0000021b3836ec70 Exception <a 'java/io/FileNotFoundException'{0x00000000a7d60ca8}> (0x00000000a7d60ca8) 
thrown [s\open\src\hotspot\share\prims\jni.cpp, line 516]

VM Operations (2 events):
Event: 0.105 Executing VM operation: HandshakeAllThreads
Event: 0.105 Executing VM operation: HandshakeAllThreads done

Events (20 events):
Event: 0.197 loading class java/util/EventListener done
Event: 0.197 loading class java/awt/event/AWTEventListener done
Event: 0.197 loading class java/awt/LightweightDispatcher done
Event: 0.197 loading class java/awt/Dimension
Event: 0.197 loading class java/awt/geom/Dimension2D
Event: 0.197 loading class java/awt/geom/Dimension2D done
Event: 0.197 loading class java/awt/Dimension done
Event: 0.197 loading class java/awt/Container$1
Event: 0.197 loading class sun/awt/AWTAccessor$ContainerAccessor
Event: 0.197 loading class sun/awt/AWTAccessor$ContainerAccessor done
Event: 0.197 loading class java/awt/Container$1 done
Event: 0.197 loading class sun/awt/util/IdentityArrayList
Event: 0.198 loading class sun/awt/util/IdentityArrayList done
Event: 0.198 loading class java/awt/Window$Type
Event: 0.198 loading class java/awt/Window$Type done
Event: 0.198 loading class java/util/concurrent/atomic/AtomicBoolean
Event: 0.198 loading class java/util/concurrent/atomic/AtomicBoolean done
Event: 0.199 loading class java/awt/Window$1
Event: 0.199 loading class sun/awt/AWTAccessor$WindowAccessor
Event: 0.199 loading class sun/awt/AWTAccessor$WindowAccessor done


Dynamic libraries:
0x00007ff6741e0000 - 0x00007ff6741f0000 	C:\Program Files\Java\jdk-17\bin\java.exe
0x00007fff50f60000 - 0x00007fff51169000 	C:\Windows\SYSTEM32\ntdll.dll
0x00007fff4fc80000 - 0x00007fff4fd3d000 	C:\Windows\System32\KERNEL32.DLL
0x00007fff4e510000 - 0x00007fff4e894000 	C:\Windows\System32\KERNELBASE.dll
0x00007fff4e3f0000 - 0x00007fff4e501000 	C:\Windows\System32\ucrtbase.dll
0x00007fff35890000 - 0x00007fff358ab000 	C:\Program Files\Java\jdk-17\bin\VCRUNTIME140.dll
0x00007fff3fbf0000 - 0x00007fff3fc09000 	C:\Program Files\Java\jdk-17\bin\jli.dll
0x00007fff4f720000 - 0x00007fff4f7ce000 	C:\Windows\System32\ADVAPI32.dll
0x00007fff50e70000 - 0x00007fff50f13000 	C:\Windows\System32\msvcrt.dll
0x00007fff50180000 - 0x00007fff5021e000 	C:\Windows\System32\sechost.dll
0x00007fff4fb40000 - 0x00007fff4fc61000 	C:\Windows\System32\RPCRT4.dll
0x00007fff50400000 - 0x00007fff505ad000 	C:\Windows\System32\USER32.dll
0x00007fff325e0000 - 0x00007fff32885000 	C:\Windows\WinSxS\amd64_microsoft.windows.common-controls_6595b64144ccf1df_6.0.22000.120_none_9d947278b86cc467\COMCTL32.dll
0x00007fff4eaf0000 - 0x00007fff4eb16000 	C:\Windows\System32\win32u.dll
0x00007fff4eea0000 - 0x00007fff4eeca000 	C:\Windows\System32\GDI32.dll
0x00007fff4e9d0000 - 0x00007fff4eaee000 	C:\Windows\System32\gdi32full.dll
0x00007fff4ec90000 - 0x00007fff4ed2d000 	C:\Windows\System32\msvcp_win.dll
0x00007fff46960000 - 0x00007fff4696a000 	C:\Windows\SYSTEM32\VERSION.dll
0x00007fff4f6e0000 - 0x00007fff4f711000 	C:\Windows\System32\IMM32.DLL
0x00007fff3f9b0000 - 0x00007fff3f9bc000 	C:\Program Files\Java\jdk-17\bin\vcruntime140_1.dll
0x00007fff30930000 - 0x00007fff309be000 	C:\Program Files\Java\jdk-17\bin\msvcp140.dll
0x00007ffef4170000 - 0x00007ffef4d50000 	C:\Program Files\Java\jdk-17\bin\server\jvm.dll
0x00007fff4fc70000 - 0x00007fff4fc78000 	C:\Windows\System32\PSAPI.DLL
0x00007fff42d90000 - 0x00007fff42d99000 	C:\Windows\SYSTEM32\WSOCK32.dll
0x00007fff4f900000 - 0x00007fff4f96f000 	C:\Windows\System32\WS2_32.dll
0x00007fff47da0000 - 0x00007fff47dd3000 	C:\Windows\SYSTEM32\WINMM.dll
0x00007fff4d460000 - 0x00007fff4d478000 	C:\Windows\SYSTEM32\kernel.appcore.dll
0x00007fff3cb20000 - 0x00007fff3cb2a000 	C:\Program Files\Java\jdk-17\bin\jimage.dll
0x00007fff4c100000 - 0x00007fff4c321000 	C:\Windows\SYSTEM32\DBGHELP.DLL
0x00007fff3da30000 - 0x00007fff3da61000 	C:\Windows\SYSTEM32\dbgcore.DLL
0x00007fff4ed30000 - 0x00007fff4edaf000 	C:\Windows\System32\bcryptPrimitives.dll
0x00007fff312f0000 - 0x00007fff31315000 	C:\Program Files\Java\jdk-17\bin\java.dll
0x00007fff30ea0000 - 0x00007fff30f77000 	C:\Program Files\Java\jdk-17\bin\jsvml.dll
0x00007fff505b0000 - 0x00007fff50d75000 	C:\Windows\System32\SHELL32.dll
0x00007fff4c4c0000 - 0x00007fff4cd22000 	C:\Windows\SYSTEM32\windows.storage.dll
0x00007fff4f360000 - 0x00007fff4f6d6000 	C:\Windows\System32\combase.dll
0x00007fff4c350000 - 0x00007fff4c4b7000 	C:\Windows\SYSTEM32\wintypes.dll
0x00007fff50280000 - 0x00007fff5036a000 	C:\Windows\System32\SHCORE.dll
0x00007fff50220000 - 0x00007fff5027d000 	C:\Windows\System32\shlwapi.dll
0x00007fff4e320000 - 0x00007fff4e345000 	C:\Windows\SYSTEM32\profapi.dll
0x00007fff312d0000 - 0x00007fff312e9000 	C:\Program Files\Java\jdk-17\bin\net.dll
0x00007fff482a0000 - 0x00007fff483b4000 	C:\Windows\SYSTEM32\WINHTTP.dll
0x00007fff4d910000 - 0x00007fff4d977000 	C:\Windows\system32\mswsock.dll
0x00007fff30e80000 - 0x00007fff30e96000 	C:\Program Files\Java\jdk-17\bin\nio.dll
0x00007fff2e590000 - 0x00007fff2e721000 	C:\Program Files\Java\jdk-17\bin\awt.dll
0x00007fff50040000 - 0x00007fff50116000 	C:\Windows\System32\OLEAUT32.dll
0x00007fff4b3f0000 - 0x00007fff4b482000 	C:\Windows\SYSTEM32\apphelp.dll

dbghelp: loaded successfully - version: 4.0.5 - missing functions: none
symbol engine: initialized successfully - sym options: 0x614 - pdb path: .;C:\Program Files\Java\jdk-17\bin;C:\Windows\SYSTEM32;C:\Windows\WinSxS\amd64_microsoft.windows.common-controls_6595b64144ccf1df_6.0.22000.120_none_9d947278b86cc467;C:\Program Files\Java\jdk-17\bin\server

VM Arguments:
jvm_args: -Dfile.encoding=UTF-8 --module-path=C:\Users\Lenovo\OneDrive\Documents\NetBeansProjects\Bank Management System\build\classes 
java_command: bank.management.system.SignupOne
java_class_path (initial): C:\Users\Lenovo\OneDrive\Documents\NetBeansProjects\Bank Management System\build\classes
Launcher Type: SUN_STANDARD

[Global flags]
     intx CICompilerCount                          = 4                                         {product} {ergonomic}
     uint ConcGCThreads                            = 3                                         {product} {ergonomic}
     uint G1ConcRefinementThreads                  = 10                                        {product} {ergonomic}
   size_t G1HeapRegionSize                         = 1048576                                   {product} {ergonomic}
    uintx GCDrainStackTargetSize                   = 64                                        {product} {ergonomic}
   size_t InitialHeapSize                          = 98566144                                  {product} {ergonomic}
   size_t MarkStackSize                            = 4194304                                   {product} {ergonomic}
   size_t MaxHeapSize                              = 1574961152                                {product} {ergonomic}
   size_t MaxNewSize                               = 944766976                                 {product} {ergonomic}
   size_t MinHeapDeltaBytes                        = 1048576                                   {product} {ergonomic}
   size_t MinHeapSize                              = 8388608                                   {product} {ergonomic}
    uintx NonNMethodCodeHeapSize                   = 5839372                                {pd product} {ergonomic}
    uintx NonProfiledCodeHeapSize                  = 122909434                              {pd product} {ergonomic}
    uintx ProfiledCodeHeapSize                     = 122909434                              {pd product} {ergonomic}
    uintx ReservedCodeCacheSize                    = 251658240                              {pd product} {ergonomic}
     bool SegmentedCodeCache                       = true                                      {product} {ergonomic}
   size_t SoftMaxHeapSize                          = 1574961152                             {manageable} {ergonomic}
     bool UseCompressedClassPointers               = true                           {product lp64_product} {ergonomic}
     bool UseCompressedOops                        = true                           {product lp64_product} {ergonomic}
     bool UseG1GC                                  = true                                      {product} {ergonomic}
     bool UseLargePagesIndividualAllocation        = false                                  {pd product} {ergonomic}

Logging:
Log output configuration:
 #0: stdout all=warning uptime,level,tags
 #1: stderr all=off uptime,level,tags

Environment Variables:
PATH=C:\Program Files\Common Files\Oracle\Java\javapath;C:\oraclexe\app\oracle\product\10.2.0\server\bin;C:\Program Files (x86)\Common Files\Oracle\Java\javapath;C:\Program Files (x86)\VMware\VMware Workstation\bin\;C:\Windows\system32;C:\Windows;C:\Windows\System32\Wbem;C:\Windows\System32\WindowsPowerShell\v1.0\;C:\Windows\System32\OpenSSH\;C:\MinGW\bin;C:\Program Files\Java\jdk1.8.0_301\bin;C:\Program Files\Java\jre1.8.0_301\bin;C:\Program Files\Git\cmd;C:\Program Files\MongoDB\Server\4.0\bin;C:\Program Files\Java\jdk-17\bin;C:\Program Files\MySQL\MySQL Shell 8.0\bin\;C:\Users\Lenovo\AppData\Local\Programs\Python\Python311\Scripts\;C:\Users\Lenovo\AppData\Local\Programs\Python\Python311\;C:\Users\Lenovo\AppData\Local\Microsoft\WindowsApps;C:\Users\Lenovo\AppData\Local\Programs\Microsoft VS Code\bin;C:\MinGW\bin;
USERNAME=Lenovo
OS=Windows_NT
PROCESSOR_IDENTIFIER=AMD64 Family 23 Model 104 Stepping 1, AuthenticAMD



---------------  S Y S T E M  ---------------

OS:
 Windows 11 , 64 bit Build 22000 (10.0.22000.2538)
OS uptime: 10 days 13:51 hours

CPU: total 12 (initial active 12) (12 cores per cpu, 2 threads per core) family 23 model 104 stepping 1 microcode 0x0, cx8, cmov, fxsr, ht, mmx, 3dnowpref, sse, sse2, sse3, ssse3, sse4a, sse4.1, sse4.2, popcnt, lzcnt, tsc, tscinvbit, avx, avx2, aes, clmul, bmi1, bmi2, adx, sha, fma, vzeroupper, clflush, clflushopt

Memory: 4k page, system-wide physical 6005M (641M free)
TotalPageFile size 24437M (AvailPageFile size 3M)
current process WorkingSet (physical memory assigned to process): 39M, peak: 39M
current process commit charge ("private bytes"): 181M, peak: 181M

vm_info: Java HotSpot(TM) 64-Bit Server VM (17.0.11+7-LTS-207) for windows-amd64 JRE (17.0.11+7-LTS-207), built on Mar 11 2024 19:01:50 by "mach5one" with MS VC++ 17.6 (VS2022)

END.
